2021-11-28 02:38:20 INFO  Benchmark_Timer - Begin run: testWaitPeriods with 2 runs
å2021-11-28 02:53:17 INFO  Benchmark_Timer - Begin run: testWaitPeriods with 2 runs
å2021-11-28 03:01:46 INFO  Benchmark_Timer - Begin run: testWaitPeriods with 2 runs
å2021-11-28 04:05:27 INFO  Benchmark_Timer - Begin run: testWaitPeriods with 2 runs
å2021-11-28 04:06:02 INFO  Benchmark_Timer - Begin run: msd with 5 runs
å2021-11-28 04:06:02 INFO  Benchmark_Timer - Begin run: tim with 5 runs
å2021-11-28 04:06:02 INFO  Benchmark_Timer - Begin run: quick with 5 runs
å2021-11-28 04:06:02 INFO  Benchmark_Timer - Begin run: husky with 5 runs
å2021-11-28 04:06:02 INFO  Benchmark_Timer - Begin run: lsd with 5 runs
å2021-11-28 04:06:02 INFO  Benchmark_Timer - Begin run: msd with 5 runs
å2021-11-28 04:06:02 INFO  Benchmark_Timer - Begin run: tim with 5 runs
å2021-11-28 04:06:02 INFO  Benchmark_Timer - Begin run: quick with 5 runs
å2021-11-28 04:06:02 INFO  Benchmark_Timer - Begin run: husky with 5 runs
å2021-11-28 04:06:02 INFO  Benchmark_Timer - Begin run: lsd with 5 runs
å2021-11-29 00:06:02 INFO  Benchmark_Timer - Begin run: testWaitPeriods with 2 runs
å2021-11-29 00:07:11 INFO  Benchmark_Timer - Begin run: testWaitPeriods with 2 runs
å2021-11-29 00:08:01 INFO  Benchmark_Timer - Begin run: testWaitPeriods with 2 runs
å2021-11-29 01:33:04 INFO  Benchmark_Timer - Begin run: testWaitPeriods with 2 runs
å2021-11-29 01:34:57 INFO  Benchmark_Timer - Begin run: msd with 5 runs
å2021-11-29 01:35:01 INFO  Benchmark_Timer - Begin run: msd wordnode with 5 runs
å2021-11-29 01:35:02 INFO  Benchmark_Timer - Begin run: tim with 5 runs
å2021-11-29 01:35:03 INFO  Benchmark_Timer - Begin run: quick with 1 runs
å2021-11-29 01:35:04 INFO  Benchmark_Timer - Begin run: quick with 1 runs
å2021-11-29 01:35:05 INFO  Benchmark_Timer - Begin run: quick with 1 runs
å2021-11-29 01:35:06 INFO  Benchmark_Timer - Begin run: quick with 1 runs
å2021-11-29 01:35:07 INFO  Benchmark_Timer - Begin run: quick with 1 runs
å2021-11-29 01:35:08 INFO  Benchmark_Timer - Begin run: husky with 5 runs
å2021-11-29 01:35:10 INFO  Benchmark_Timer - Begin run: lsd with 5 runs
å2021-11-29 01:35:18 INFO  Benchmark_Timer - Begin run: lsd wordnode with 5 runs
å2021-11-29 01:35:22 INFO  Benchmark_Timer - Begin run: msd with 5 runs
å2021-11-29 01:35:29 INFO  Benchmark_Timer - Begin run: msd wordnode with 5 runs
å2021-11-29 01:35:32 INFO  Benchmark_Timer - Begin run: tim with 5 runs
å2021-11-29 01:35:35 INFO  Benchmark_Timer - Begin run: quick with 1 runs
å2021-11-29 01:35:37 INFO  Benchmark_Timer - Begin run: quick with 1 runs
å2021-11-29 01:35:39 INFO  Benchmark_Timer - Begin run: quick with 1 runs
å2021-11-29 01:35:40 INFO  Benchmark_Timer - Begin run: quick with 1 runs
å2021-11-29 01:35:42 INFO  Benchmark_Timer - Begin run: quick with 1 runs
å2021-11-29 01:35:44 INFO  Benchmark_Timer - Begin run: husky with 5 runs
å2021-11-29 01:35:48 INFO  Benchmark_Timer - Begin run: lsd with 5 runs
å2021-11-29 01:36:04 INFO  Benchmark_Timer - Begin run: lsd wordnode with 5 runs
å2021-11-29 01:36:10 INFO  Benchmark_Timer - Begin run: msd with 5 runs
å2021-11-29 01:36:25 INFO  Benchmark_Timer - Begin run: msd wordnode with 5 runs
å2021-11-29 01:36:32 INFO  Benchmark_Timer - Begin run: tim with 5 runs
å2021-11-29 01:36:41 INFO  Benchmark_Timer - Begin run: quick with 1 runs
å2021-11-29 01:36:45 INFO  Benchmark_Timer - Begin run: quick with 1 runs
å2021-11-29 01:36:50 INFO  Benchmark_Timer - Begin run: quick with 1 runs
å2021-11-29 01:36:54 INFO  Benchmark_Timer - Begin run: quick with 1 runs
å2021-11-29 01:36:58 INFO  Benchmark_Timer - Begin run: quick with 1 runs
å2021-11-29 01:37:02 INFO  Benchmark_Timer - Begin run: husky with 5 runs
å2021-11-29 01:37:11 INFO  Benchmark_Timer - Begin run: lsd with 5 runs
å2021-11-29 01:37:47 INFO  Benchmark_Timer - Begin run: lsd wordnode with 5 runs
å2021-11-29 01:37:59 INFO  Benchmark_Timer - Begin run: msd with 5 runs
å2021-11-29 01:39:20 INFO  Benchmark_Timer - Begin run: msd wordnode with 5 runs
å2021-11-29 01:39:32 INFO  Benchmark_Timer - Begin run: tim with 5 runs
å2021-11-29 01:39:53 INFO  Benchmark_Timer - Begin run: quick with 1 runs
å2021-11-29 01:40:01 INFO  Benchmark_Timer - Begin run: quick with 1 runs
å2021-11-29 01:40:09 INFO  Benchmark_Timer - Begin run: quick with 1 runs
å2021-11-29 01:40:16 INFO  Benchmark_Timer - Begin run: quick with 1 runs
å2021-11-29 01:40:24 INFO  Benchmark_Timer - Begin run: quick with 1 runs
å2021-11-29 01:40:31 INFO  Benchmark_Timer - Begin run: husky with 5 runs
å2021-11-29 01:40:49 INFO  Benchmark_Timer - Begin run: lsd with 5 runs
å2021-11-29 01:42:02 INFO  Benchmark_Timer - Begin run: lsd wordnode with 5 runs
å2021-11-29 01:42:30 INFO  Benchmark_Timer - Begin run: msd with 5 runs
å2021-11-29 01:45:57 INFO  Benchmark_Timer - Begin run: msd wordnode with 5 runs
å2021-11-29 01:46:20 INFO  Benchmark_Timer - Begin run: tim with 5 runs
å2021-11-29 01:47:06 INFO  Benchmark_Timer - Begin run: quick with 1 runs
å2021-11-29 01:47:22 INFO  Benchmark_Timer - Begin run: quick with 1 runs
å2021-11-29 01:47:38 INFO  Benchmark_Timer - Begin run: quick with 1 runs
å2021-11-29 01:47:53 INFO  Benchmark_Timer - Begin run: quick with 1 runs
å2021-11-29 01:48:08 INFO  Benchmark_Timer - Begin run: quick with 1 runs
å2021-11-29 01:48:24 INFO  Benchmark_Timer - Begin run: husky with 5 runs
å2021-11-29 01:49:14 INFO  Benchmark_Timer - Begin run: lsd with 5 runs
å2021-11-30 03:27:24 INFO  Benchmark_Timer - Begin run: testWaitPeriods with 2 runs
å2021-11-30 03:30:55 INFO  Benchmark_Timer - Begin run: testWaitPeriods with 2 runs
å2021-11-30 03:39:57 INFO  Benchmark_Timer - Begin run: testWaitPeriods with 2 runs
å2021-11-30 04:34:50 INFO  Benchmark_Timer - Begin run: testWaitPeriods with 2 runs
å